
FileVersion:        2

ResolutionOfTime:   Volumes

Experiment:         Rings

BackgroundColor:    0 0 0
TextColor:          255 255 255
TimeCourseColor:    255 255 255
TimeCourseThick:    3
ReferenceFuncColor: 0 0 80
ReferenceFuncThick: 3

NrOfConditions:     15

ring1
8
1	1
16	16
31	31
46	46
61	61
76	76
91	91
106	106
Color: 255 0 0

ring2
8
2	2
17	17
32	32
47	47
62	62
77	77
92	92
107	107
Color: 255 73 0

ring3
8
3	3
18	18
33	33
48	48
63	63
78	78
93	93
108	108
Color: 255 146 0

ring4
8
4	4
19	19
34	34
49	49
64	64
79	79
94	94
109	109
Color: 255 220 0

ring5
8
5	5
20	20
35	35
50	50
65	65
80	80
95	95
110	110
Color: 217 255 0

ring6
8
6	6
21	21
36	36
51	51
66	66
81	81
96	96
111	111
Color: 144 255 0

ring7
8
7	7
22	22
37	37
52	52
67	67
82	82
97	97
112	112
Color: 71 255 0

ring8
8
8	8
23	23
38	38
53	53
68	68
83	83
98	98
113	113
Color: 0 255 3

ring9
8
9	9
24	24
39	39
54	54
69	69
84	84
99	99
114	114
Color: 0 255 76

ring10
8
10	10
25	25
40	40
55	55
70	70
85	85
100	100
115	115
Color: 0 255 149

ring11
8
11	11
26	26
41	41
56	56
71	71
86	86
101	101
116	116
Color: 0 255 222

ring12
8
12	12
27	27
42	42
57	57
72	72
87	87
102	102
117	117
Color: 0 215 255

ring13
8
13	13
28	28
43	43
58	58
73	73
88	88
103	103
118	118
Color: 0 141 255

ring14
8
14	14
29	29
44	44
59	59
74	74
89	89
104	104
119	119
Color: 0 68 255

ring15
8
15	15
30	30
45	45
60	60
75	75
90	90
105	105
120	120
Color: 5 0 255