FileVersion:        2

ResolutionOfTime:   Volumes

Experiment:         Rings

BackgroundColor:    0 0 0
TextColor:          255 255 255
TimeCourseColor:    255 255 255
TimeCourseThick:    3
ReferenceFuncColor: 0 0 80
ReferenceFuncThick: 3

NrOfConditions:     16

ring1
8
1	1
17	17
33	33
49	49
65	65
81	81
97	97
113	113
Color: 255 0 0

ring2
8
2	2
18	18
34	34
50	50
66	66
82	82
98	98
114	114
Color: 255 68 0

ring3
8
3	3
19	19
35	35
51	51
67	67
83	83
99	99
115	115
Color: 255 137 0

ring4
8
4	4
20	20
36	36
52	52
68	68
84	84
100	100
116	116
Color: 255 205 0

ring5
8
5	5
21	21
37	37
53	53
69	69
85	85
101	101
117	117
Color: 237 255 0

ring6
8
6	6
22	22
38	38
54	54
70	70
86	86
102	102
118	118
Color: 168 255 0

ring7
8
7	7
23	23
39	39
55	55
71	71
87	87
103	103
119	119
Color: 100 255 0

ring8
8
8	8
24	24
40	40
56	56
72	72
88	88
104	104
120	120
Color: 32 255 0

ring9
8
9	9
25	25
41	41
57	57
73	73
89	89
105	105
121	121
Color: 0 255 37

ring10
8
10	10
26	26
42	42
58	58
74	74
90	90
106	106
122	122
Color: 0 255 105

ring11
8
11	11
27	27
43	43
59	59
75	75
91	91
107	107
123	123
Color: 0 255 173

ring12
8
12	12
28	28
44	44
60	60
76	76
92	92
108	108
124	124
Color: 0 255 242

ring13
8
13	13
29	29
45	45
61	61
77	77
93	93
109	109
125	125
Color: 0 200 255

ring14
8
14	14
30	30
46	46
62	62
78	78
94	94
110	110
126	126
Color: 0 132 255

ring15
8
15	15
31	31
47	47
63	63
79	79
95	95
111	111
127	127
Color: 0 63 255

ring16
8
16	16
32	32
48	48
64	64
80	80
96	96
112	112
128	128
Color: 5 0 255